=== Training with seed: 42 ===
Using cpu device
Training sac on Pendulum-v1...
Logging to ./tensorboard/sac_Pendulum-v1_seed42/SAC_1
----------------------------------
| rollout/           |           |
|    ep_len_mean     | 200       |
|    ep_rew_mean     | -1.33e+03 |
| time/              |           |
|    episodes        | 4         |
|    fps             | 109       |
|    time_elapsed    | 7         |
|    total_timesteps | 800       |
| train/             |           |
|    actor_loss      | 23.3      |
|    critic_loss     | 0.0569    |
|    ent_coef        | 0.503     |
|    ent_coef_loss   | -0.999    |
|    learning_rate   | 0.001     |
|    n_updates       | 699       |
----------------------------------
----------------------------------
| rollout/           |           |
|    ep_len_mean     | 200       |
|    ep_rew_mean     | -1.39e+03 |
| time/              |           |
|    episodes        | 8         |
|    fps             | 86        |
|    time_elapsed    | 18        |
|    total_timesteps | 1600      |
| train/             |           |
|    actor_loss      | 48.2      |
|    critic_loss     | 0.0489    |
|    ent_coef        | 0.267     |
|    ent_coef_loss   | -0.949    |
|    learning_rate   | 0.001     |
|    n_updates       | 1499      |
----------------------------------
----------------------------------
| rollout/           |           |
|    ep_len_mean     | 200       |
|    ep_rew_mean     | -1.18e+03 |
| time/              |           |
|    episodes        | 12        |
|    fps             | 81        |
|    time_elapsed    | 29        |
|    total_timesteps | 2400      |
| train/             |           |
|    actor_loss      | 61.7      |
|    critic_loss     | 0.127     |
|    ent_coef        | 0.21      |
|    ent_coef_loss   | 0.09      |
|    learning_rate   | 0.001     |
|    n_updates       | 2299      |
----------------------------------
---------------------------------
| rollout/           |          |
|    ep_len_mean     | 200      |
|    ep_rew_mean     | -960     |
| time/              |          |
|    episodes        | 16       |
|    fps             | 79       |
|    time_elapsed    | 40       |
|    total_timesteps | 3200     |
| train/             |          |
|    actor_loss      | 60       |
|    critic_loss     | 0.142    |
|    ent_coef        | 0.214    |
|    ent_coef_loss   | 0.112    |
|    learning_rate   | 0.001    |
|    n_updates       | 3099     |
---------------------------------
---------------------------------
| rollout/           |          |
|    ep_len_mean     | 200      |
|    ep_rew_mean     | -799     |
| time/              |          |
|    episodes        | 20       |
|    fps             | 78       |
|    time_elapsed    | 51       |
|    total_timesteps | 4000     |
| train/             |          |
|    actor_loss      | 56.6     |
|    critic_loss     | 0.203    |
|    ent_coef        | 0.181    |
|    ent_coef_loss   | -0.365   |
|    learning_rate   | 0.001    |
|    n_updates       | 3899     |
---------------------------------
---------------------------------
| rollout/           |          |
|    ep_len_mean     | 200      |
|    ep_rew_mean     | -744     |
| time/              |          |
|    episodes        | 24       |
|    fps             | 78       |
|    time_elapsed    | 61       |
|    total_timesteps | 4800     |
| train/             |          |
|    actor_loss      | 59.6     |
|    critic_loss     | 0.6      |
|    ent_coef        | 0.143    |
|    ent_coef_loss   | -0.544   |
|    learning_rate   | 0.001    |
|    n_updates       | 4699     |
---------------------------------
---------------------------------
| rollout/           |          |
|    ep_len_mean     | 200      |
|    ep_rew_mean     | -655     |
| time/              |          |
|    episodes        | 28       |
|    fps             | 77       |
|    time_elapsed    | 72       |
|    total_timesteps | 5600     |
| train/             |          |
|    actor_loss      | 55.2     |
|    critic_loss     | 1.47     |
|    ent_coef        | 0.109    |
|    ent_coef_loss   | -0.152   |
|    learning_rate   | 0.001    |
|    n_updates       | 5499     |
---------------------------------
---------------------------------
| rollout/           |          |
|    ep_len_mean     | 200      |
|    ep_rew_mean     | -599     |
| time/              |          |
|    episodes        | 32       |
|    fps             | 76       |
|    time_elapsed    | 83       |
|    total_timesteps | 6400     |
| train/             |          |
|    actor_loss      | 58.8     |
|    critic_loss     | 1.01     |
|    ent_coef        | 0.0917   |
|    ent_coef_loss   | -0.574   |
|    learning_rate   | 0.001    |
|    n_updates       | 6299     |
---------------------------------
---------------------------------
| rollout/           |          |
|    ep_len_mean     | 200      |
|    ep_rew_mean     | -545     |
| time/              |          |
|    episodes        | 36       |
|    fps             | 76       |
|    time_elapsed    | 94       |
|    total_timesteps | 7200     |
| train/             |          |
|    actor_loss      | 44.4     |
|    critic_loss     | 1.97     |
|    ent_coef        | 0.0771   |
|    ent_coef_loss   | -0.192   |
|    learning_rate   | 0.001    |
|    n_updates       | 7099     |
---------------------------------
---------------------------------
| rollout/           |          |
|    ep_len_mean     | 200      |
|    ep_rew_mean     | -503     |
| time/              |          |
|    episodes        | 40       |
|    fps             | 76       |
|    time_elapsed    | 104      |
|    total_timesteps | 8000     |
| train/             |          |
|    actor_loss      | 55.4     |
|    critic_loss     | 1.39     |
|    ent_coef        | 0.0614   |
|    ent_coef_loss   | 0.155    |
|    learning_rate   | 0.001    |
|    n_updates       | 7899     |
---------------------------------
---------------------------------
| rollout/           |          |
|    ep_len_mean     | 200      |
|    ep_rew_mean     | -471     |
| time/              |          |
|    episodes        | 44       |
|    fps             | 75       |
|    time_elapsed    | 116      |
|    total_timesteps | 8800     |
| train/             |          |
|    actor_loss      | 43.7     |
|    critic_loss     | 1.05     |
|    ent_coef        | 0.0481   |
|    ent_coef_loss   | 0.0286   |
|    learning_rate   | 0.001    |
|    n_updates       | 8699     |
---------------------------------
---------------------------------
| rollout/           |          |
|    ep_len_mean     | 200      |
|    ep_rew_mean     | -439     |
| time/              |          |
|    episodes        | 48       |
|    fps             | 75       |
|    time_elapsed    | 127      |
|    total_timesteps | 9600     |
| train/             |          |
|    actor_loss      | 38.8     |
|    critic_loss     | 0.656    |
|    ent_coef        | 0.0342   |
|    ent_coef_loss   | -0.613   |
|    learning_rate   | 0.001    |
|    n_updates       | 9499     |
---------------------------------
---------------------------------
| rollout/           |          |
|    ep_len_mean     | 200      |
|    ep_rew_mean     | -418     |
| time/              |          |
|    episodes        | 52       |
|    fps             | 75       |
|    time_elapsed    | 138      |
|    total_timesteps | 10400    |
| train/             |          |
|    actor_loss      | 39       |
|    critic_loss     | 1.03     |
|    ent_coef        | 0.0326   |
|    ent_coef_loss   | -0.0747  |
|    learning_rate   | 0.001    |
|    n_updates       | 10299    |
---------------------------------
---------------------------------
| rollout/           |          |
|    ep_len_mean     | 200      |
|    ep_rew_mean     | -399     |
| time/              |          |
|    episodes        | 56       |
|    fps             | 75       |
|    time_elapsed    | 149      |
|    total_timesteps | 11200    |
| train/             |          |
|    actor_loss      | 35.2     |
|    critic_loss     | 0.866    |
|    ent_coef        | 0.0259   |
|    ent_coef_loss   | -0.647   |
|    learning_rate   | 0.001    |
|    n_updates       | 11099    |
---------------------------------
---------------------------------
| rollout/           |          |
|    ep_len_mean     | 200      |
|    ep_rew_mean     | -383     |
| time/              |          |
|    episodes        | 60       |
|    fps             | 74       |
|    time_elapsed    | 160      |
|    total_timesteps | 12000    |
| train/             |          |
|    actor_loss      | 33       |
|    critic_loss     | 0.475    |
|    ent_coef        | 0.0218   |
|    ent_coef_loss   | 0.342    |
|    learning_rate   | 0.001    |
|    n_updates       | 11899    |
---------------------------------
---------------------------------
| rollout/           |          |
|    ep_len_mean     | 200      |
|    ep_rew_mean     | -370     |
| time/              |          |
|    episodes        | 64       |
|    fps             | 74       |
|    time_elapsed    | 171      |
|    total_timesteps | 12800    |
| train/             |          |
|    actor_loss      | 32.3     |
|    critic_loss     | 1.33     |
|    ent_coef        | 0.0301   |
|    ent_coef_loss   | 0.226    |
|    learning_rate   | 0.001    |
|    n_updates       | 12699    |
---------------------------------
---------------------------------
| rollout/           |          |
|    ep_len_mean     | 200      |
|    ep_rew_mean     | -357     |
| time/              |          |
|    episodes        | 68       |
|    fps             | 74       |
|    time_elapsed    | 183      |
|    total_timesteps | 13600    |
| train/             |          |
|    actor_loss      | 34.5     |
|    critic_loss     | 0.818    |
|    ent_coef        | 0.0263   |
|    ent_coef_loss   | -0.752   |
|    learning_rate   | 0.001    |
|    n_updates       | 13499    |
---------------------------------
---------------------------------
| rollout/           |          |
|    ep_len_mean     | 200      |
|    ep_rew_mean     | -349     |
| time/              |          |
|    episodes        | 72       |
|    fps             | 74       |
|    time_elapsed    | 194      |
|    total_timesteps | 14400    |
| train/             |          |
|    actor_loss      | 35       |
|    critic_loss     | 0.595    |
|    ent_coef        | 0.0273   |
|    ent_coef_loss   | 0.836    |
|    learning_rate   | 0.001    |
|    n_updates       | 14299    |
---------------------------------
---------------------------------
| rollout/           |          |
|    ep_len_mean     | 200      |
|    ep_rew_mean     | -343     |
| time/              |          |
|    episodes        | 76       |
|    fps             | 73       |
|    time_elapsed    | 205      |
|    total_timesteps | 15200    |
| train/             |          |
|    actor_loss      | 33.4     |
|    critic_loss     | 0.706    |
|    ent_coef        | 0.0326   |
|    ent_coef_loss   | 0.77     |
|    learning_rate   | 0.001    |
|    n_updates       | 15099    |
---------------------------------
---------------------------------
| rollout/           |          |
|    ep_len_mean     | 200      |
|    ep_rew_mean     | -332     |
| time/              |          |
|    episodes        | 80       |
|    fps             | 73       |
|    time_elapsed    | 217      |
|    total_timesteps | 16000    |
| train/             |          |
|    actor_loss      | 32.9     |
|    critic_loss     | 0.613    |
|    ent_coef        | 0.0351   |
|    ent_coef_loss   | -0.317   |
|    learning_rate   | 0.001    |
|    n_updates       | 15899    |
---------------------------------
---------------------------------
| rollout/           |          |
|    ep_len_mean     | 200      |
|    ep_rew_mean     | -320     |
| time/              |          |
|    episodes        | 84       |
|    fps             | 73       |
|    time_elapsed    | 228      |
|    total_timesteps | 16800    |
| train/             |          |
|    actor_loss      | 34.8     |
|    critic_loss     | 0.391    |
|    ent_coef        | 0.0318   |
|    ent_coef_loss   | -0.33    |
|    learning_rate   | 0.001    |
|    n_updates       | 16699    |
---------------------------------
---------------------------------
| rollout/           |          |
|    ep_len_mean     | 200      |
|    ep_rew_mean     | -314     |
| time/              |          |
|    episodes        | 88       |
|    fps             | 73       |
|    time_elapsed    | 239      |
|    total_timesteps | 17600    |
| train/             |          |
|    actor_loss      | 28.9     |
|    critic_loss     | 0.567    |
|    ent_coef        | 0.0256   |
|    ent_coef_loss   | -0.484   |
|    learning_rate   | 0.001    |
|    n_updates       | 17499    |
---------------------------------
---------------------------------
| rollout/           |          |
|    ep_len_mean     | 200      |
|    ep_rew_mean     | -307     |
| time/              |          |
|    episodes        | 92       |
|    fps             | 73       |
|    time_elapsed    | 250      |
|    total_timesteps | 18400    |
| train/             |          |
|    actor_loss      | 29.7     |
|    critic_loss     | 0.805    |
|    ent_coef        | 0.0203   |
|    ent_coef_loss   | -0.428   |
|    learning_rate   | 0.001    |
|    n_updates       | 18299    |
---------------------------------
---------------------------------
| rollout/           |          |
|    ep_len_mean     | 200      |
|    ep_rew_mean     | -298     |
| time/              |          |
|    episodes        | 96       |
|    fps             | 73       |
|    time_elapsed    | 262      |
|    total_timesteps | 19200    |
| train/             |          |
|    actor_loss      | 31       |
|    critic_loss     | 0.917    |
|    ent_coef        | 0.0278   |
|    ent_coef_loss   | 0.139    |
|    learning_rate   | 0.001    |
|    n_updates       | 19099    |
---------------------------------
---------------------------------
| rollout/           |          |
|    ep_len_mean     | 200      |
|    ep_rew_mean     | -291     |
| time/              |          |
|    episodes        | 100      |
|    fps             | 73       |
|    time_elapsed    | 273      |
|    total_timesteps | 20000    |
| train/             |          |
|    actor_loss      | 24.7     |
|    critic_loss     | 0.486    |
|    ent_coef        | 0.0287   |
|    ent_coef_loss   | 0.141    |
|    learning_rate   | 0.001    |
|    n_updates       | 19899    |
---------------------------------
Training complete. Model saved.
Plotting sample efficiency...
Evaluating model...
Seed 42: mean_reward:-149.61 +/- 78.26
