Using cpu device
Training sac on Pendulum-v1...
Logging to ./tensorboard/sac_Pendulum-v1/SAC_1
----------------------------------
| rollout/           |           |
|    ep_len_mean     | 200       |
|    ep_rew_mean     | -1.49e+03 |
| time/              |           |
|    episodes        | 4         |
|    fps             | 120       |
|    time_elapsed    | 6         |
|    total_timesteps | 800       |
| train/             |           |
|    actor_loss      | 26.6      |
|    critic_loss     | 0.0551    |
|    ent_coef        | 0.503     |
|    ent_coef_loss   | -1.05     |
|    learning_rate   | 0.001     |
|    n_updates       | 699       |
----------------------------------
---------------------------------
| rollout/           |          |
|    ep_len_mean     | 200      |
|    ep_rew_mean     | -1.5e+03 |
| time/              |          |
|    episodes        | 8        |
|    fps             | 99       |
|    time_elapsed    | 16       |
|    total_timesteps | 1600     |
| train/             |          |
|    actor_loss      | 52       |
|    critic_loss     | 0.0581   |
|    ent_coef        | 0.263    |
|    ent_coef_loss   | -1.12    |
|    learning_rate   | 0.001    |
|    n_updates       | 1499     |
---------------------------------
----------------------------------
| rollout/           |           |
|    ep_len_mean     | 200       |
|    ep_rew_mean     | -1.32e+03 |
| time/              |           |
|    episodes        | 12        |
|    fps             | 94        |
|    time_elapsed    | 25        |
|    total_timesteps | 2400      |
| train/             |           |
|    actor_loss      | 68.9      |
|    critic_loss     | 0.12      |
|    ent_coef        | 0.21      |
|    ent_coef_loss   | -0.0365   |
|    learning_rate   | 0.001     |
|    n_updates       | 2299      |
----------------------------------
----------------------------------
| rollout/           |           |
|    ep_len_mean     | 200       |
|    ep_rew_mean     | -1.13e+03 |
| time/              |           |
|    episodes        | 16        |
|    fps             | 93        |
|    time_elapsed    | 34        |
|    total_timesteps | 3200      |
| train/             |           |
|    actor_loss      | 77.1      |
|    critic_loss     | 0.219     |
|    ent_coef        | 0.225     |
|    ent_coef_loss   | 0.246     |
|    learning_rate   | 0.001     |
|    n_updates       | 3099      |
----------------------------------
---------------------------------
| rollout/           |          |
|    ep_len_mean     | 200      |
|    ep_rew_mean     | -925     |
| time/              |          |
|    episodes        | 20       |
|    fps             | 93       |
|    time_elapsed    | 42       |
|    total_timesteps | 4000     |
| train/             |          |
|    actor_loss      | 73.3     |
|    critic_loss     | 0.67     |
|    ent_coef        | 0.216    |
|    ent_coef_loss   | -0.17    |
|    learning_rate   | 0.001    |
|    n_updates       | 3899     |
---------------------------------
---------------------------------
| rollout/           |          |
|    ep_len_mean     | 200      |
|    ep_rew_mean     | -792     |
| time/              |          |
|    episodes        | 24       |
|    fps             | 93       |
|    time_elapsed    | 51       |
|    total_timesteps | 4800     |
| train/             |          |
|    actor_loss      | 72       |
|    critic_loss     | 0.928    |
|    ent_coef        | 0.161    |
|    ent_coef_loss   | -0.304   |
|    learning_rate   | 0.001    |
|    n_updates       | 4699     |
---------------------------------
---------------------------------
| rollout/           |          |
|    ep_len_mean     | 200      |
|    ep_rew_mean     | -696     |
| time/              |          |
|    episodes        | 28       |
|    fps             | 92       |
|    time_elapsed    | 60       |
|    total_timesteps | 5600     |
| train/             |          |
|    actor_loss      | 77.7     |
|    critic_loss     | 1.93     |
|    ent_coef        | 0.121    |
|    ent_coef_loss   | 0.128    |
|    learning_rate   | 0.001    |
|    n_updates       | 5499     |
---------------------------------
---------------------------------
| rollout/           |          |
|    ep_len_mean     | 200      |
|    ep_rew_mean     | -631     |
| time/              |          |
|    episodes        | 32       |
|    fps             | 91       |
|    time_elapsed    | 70       |
|    total_timesteps | 6400     |
| train/             |          |
|    actor_loss      | 73.1     |
|    critic_loss     | 1.37     |
|    ent_coef        | 0.104    |
|    ent_coef_loss   | 0.245    |
|    learning_rate   | 0.001    |
|    n_updates       | 6299     |
---------------------------------
---------------------------------
| rollout/           |          |
|    ep_len_mean     | 200      |
|    ep_rew_mean     | -585     |
| time/              |          |
|    episodes        | 36       |
|    fps             | 90       |
|    time_elapsed    | 79       |
|    total_timesteps | 7200     |
| train/             |          |
|    actor_loss      | 68.7     |
|    critic_loss     | 1.41     |
|    ent_coef        | 0.0916   |
|    ent_coef_loss   | -0.702   |
|    learning_rate   | 0.001    |
|    n_updates       | 7099     |
---------------------------------
---------------------------------
| rollout/           |          |
|    ep_len_mean     | 200      |
|    ep_rew_mean     | -538     |
| time/              |          |
|    episodes        | 40       |
|    fps             | 90       |
|    time_elapsed    | 88       |
|    total_timesteps | 8000     |
| train/             |          |
|    actor_loss      | 65.1     |
|    critic_loss     | 1.16     |
|    ent_coef        | 0.083    |
|    ent_coef_loss   | -0.299   |
|    learning_rate   | 0.001    |
|    n_updates       | 7899     |
---------------------------------
---------------------------------
| rollout/           |          |
|    ep_len_mean     | 200      |
|    ep_rew_mean     | -565     |
| time/              |          |
|    episodes        | 44       |
|    fps             | 90       |
|    time_elapsed    | 97       |
|    total_timesteps | 8800     |
| train/             |          |
|    actor_loss      | 63.6     |
|    critic_loss     | 1.98     |
|    ent_coef        | 0.0747   |
|    ent_coef_loss   | -0.0851  |
|    learning_rate   | 0.001    |
|    n_updates       | 8699     |
---------------------------------
---------------------------------
| rollout/           |          |
|    ep_len_mean     | 200      |
|    ep_rew_mean     | -533     |
| time/              |          |
|    episodes        | 48       |
|    fps             | 89       |
|    time_elapsed    | 107      |
|    total_timesteps | 9600     |
| train/             |          |
|    actor_loss      | 68.8     |
|    critic_loss     | 2.1      |
|    ent_coef        | 0.0539   |
|    ent_coef_loss   | 0.226    |
|    learning_rate   | 0.001    |
|    n_updates       | 9499     |
---------------------------------
---------------------------------
| rollout/           |          |
|    ep_len_mean     | 200      |
|    ep_rew_mean     | -502     |
| time/              |          |
|    episodes        | 52       |
|    fps             | 88       |
|    time_elapsed    | 117      |
|    total_timesteps | 10400    |
| train/             |          |
|    actor_loss      | 59.4     |
|    critic_loss     | 2.87     |
|    ent_coef        | 0.0513   |
|    ent_coef_loss   | 0.156    |
|    learning_rate   | 0.001    |
|    n_updates       | 10299    |
---------------------------------
---------------------------------
| rollout/           |          |
|    ep_len_mean     | 200      |
|    ep_rew_mean     | -476     |
| time/              |          |
|    episodes        | 56       |
|    fps             | 89       |
|    time_elapsed    | 125      |
|    total_timesteps | 11200    |
| train/             |          |
|    actor_loss      | 54.4     |
|    critic_loss     | 1.84     |
|    ent_coef        | 0.0549   |
|    ent_coef_loss   | -0.487   |
|    learning_rate   | 0.001    |
|    n_updates       | 11099    |
---------------------------------
---------------------------------
| rollout/           |          |
|    ep_len_mean     | 200      |
|    ep_rew_mean     | -452     |
| time/              |          |
|    episodes        | 60       |
|    fps             | 88       |
|    time_elapsed    | 135      |
|    total_timesteps | 12000    |
| train/             |          |
|    actor_loss      | 48.5     |
|    critic_loss     | 1.74     |
|    ent_coef        | 0.0488   |
|    ent_coef_loss   | -0.422   |
|    learning_rate   | 0.001    |
|    n_updates       | 11899    |
---------------------------------
---------------------------------
| rollout/           |          |
|    ep_len_mean     | 200      |
|    ep_rew_mean     | -434     |
| time/              |          |
|    episodes        | 64       |
|    fps             | 88       |
|    time_elapsed    | 145      |
|    total_timesteps | 12800    |
| train/             |          |
|    actor_loss      | 52.9     |
|    critic_loss     | 1.63     |
|    ent_coef        | 0.0411   |
|    ent_coef_loss   | -0.463   |
|    learning_rate   | 0.001    |
|    n_updates       | 12699    |
---------------------------------
---------------------------------
| rollout/           |          |
|    ep_len_mean     | 200      |
|    ep_rew_mean     | -419     |
| time/              |          |
|    episodes        | 68       |
|    fps             | 88       |
|    time_elapsed    | 154      |
|    total_timesteps | 13600    |
| train/             |          |
|    actor_loss      | 60.2     |
|    critic_loss     | 1.77     |
|    ent_coef        | 0.0337   |
|    ent_coef_loss   | 0.583    |
|    learning_rate   | 0.001    |
|    n_updates       | 13499    |
---------------------------------
---------------------------------
| rollout/           |          |
|    ep_len_mean     | 200      |
|    ep_rew_mean     | -406     |
| time/              |          |
|    episodes        | 72       |
|    fps             | 88       |
|    time_elapsed    | 162      |
|    total_timesteps | 14400    |
| train/             |          |
|    actor_loss      | 45.5     |
|    critic_loss     | 1.4      |
|    ent_coef        | 0.034    |
|    ent_coef_loss   | -0.221   |
|    learning_rate   | 0.001    |
|    n_updates       | 14299    |
---------------------------------
---------------------------------
| rollout/           |          |
|    ep_len_mean     | 200      |
|    ep_rew_mean     | -391     |
| time/              |          |
|    episodes        | 76       |
|    fps             | 88       |
|    time_elapsed    | 172      |
|    total_timesteps | 15200    |
| train/             |          |
|    actor_loss      | 44.8     |
|    critic_loss     | 1.81     |
|    ent_coef        | 0.0434   |
|    ent_coef_loss   | 0.0276   |
|    learning_rate   | 0.001    |
|    n_updates       | 15099    |
---------------------------------
---------------------------------
| rollout/           |          |
|    ep_len_mean     | 200      |
|    ep_rew_mean     | -379     |
| time/              |          |
|    episodes        | 80       |
|    fps             | 88       |
|    time_elapsed    | 181      |
|    total_timesteps | 16000    |
| train/             |          |
|    actor_loss      | 41.7     |
|    critic_loss     | 1.48     |
|    ent_coef        | 0.0417   |
|    ent_coef_loss   | 0.0594   |
|    learning_rate   | 0.001    |
|    n_updates       | 15899    |
---------------------------------
---------------------------------
| rollout/           |          |
|    ep_len_mean     | 200      |
|    ep_rew_mean     | -370     |
| time/              |          |
|    episodes        | 84       |
|    fps             | 88       |
|    time_elapsed    | 190      |
|    total_timesteps | 16800    |
| train/             |          |
|    actor_loss      | 51.2     |
|    critic_loss     | 1.49     |
|    ent_coef        | 0.043    |
|    ent_coef_loss   | 0.334    |
|    learning_rate   | 0.001    |
|    n_updates       | 16699    |
---------------------------------
---------------------------------
| rollout/           |          |
|    ep_len_mean     | 200      |
|    ep_rew_mean     | -359     |
| time/              |          |
|    episodes        | 88       |
|    fps             | 87       |
|    time_elapsed    | 200      |
|    total_timesteps | 17600    |
| train/             |          |
|    actor_loss      | 37.5     |
|    critic_loss     | 0.999    |
|    ent_coef        | 0.0377   |
|    ent_coef_loss   | -0.438   |
|    learning_rate   | 0.001    |
|    n_updates       | 17499    |
---------------------------------
---------------------------------
| rollout/           |          |
|    ep_len_mean     | 200      |
|    ep_rew_mean     | -351     |
| time/              |          |
|    episodes        | 92       |
|    fps             | 87       |
|    time_elapsed    | 209      |
|    total_timesteps | 18400    |
| train/             |          |
|    actor_loss      | 35.1     |
|    critic_loss     | 1.36     |
|    ent_coef        | 0.0386   |
|    ent_coef_loss   | -0.288   |
|    learning_rate   | 0.001    |
|    n_updates       | 18299    |
---------------------------------
---------------------------------
| rollout/           |          |
|    ep_len_mean     | 200      |
|    ep_rew_mean     | -344     |
| time/              |          |
|    episodes        | 96       |
|    fps             | 87       |
|    time_elapsed    | 218      |
|    total_timesteps | 19200    |
| train/             |          |
|    actor_loss      | 40       |
|    critic_loss     | 1.06     |
|    ent_coef        | 0.0383   |
|    ent_coef_loss   | -0.367   |
|    learning_rate   | 0.001    |
|    n_updates       | 19099    |
---------------------------------
---------------------------------
| rollout/           |          |
|    ep_len_mean     | 200      |
|    ep_rew_mean     | -336     |
| time/              |          |
|    episodes        | 100      |
|    fps             | 87       |
|    time_elapsed    | 227      |
|    total_timesteps | 20000    |
| train/             |          |
|    actor_loss      | 38.1     |
|    critic_loss     | 1.04     |
|    ent_coef        | 0.0475   |
|    ent_coef_loss   | -0.146   |
|    learning_rate   | 0.001    |
|    n_updates       | 19899    |
---------------------------------
Training complete. Model saved.
Plotting sample efficiency...
Evaluating model...
mean_reward:-157.21 +/- 84.54
