=== Training with seed: 2024 ===
Using cpu device
Training sac on Pendulum-v1...
Logging to ./tensorboard/sac_Pendulum-v1_seed2024/SAC_1
----------------------------------
| rollout/           |           |
|    ep_len_mean     | 200       |
|    ep_rew_mean     | -1.51e+03 |
| time/              |           |
|    episodes        | 4         |
|    fps             | 108       |
|    time_elapsed    | 7         |
|    total_timesteps | 800       |
| train/             |           |
|    actor_loss      | 27        |
|    critic_loss     | 0.0509    |
|    ent_coef        | 0.502     |
|    ent_coef_loss   | -1.07     |
|    learning_rate   | 0.001     |
|    n_updates       | 699       |
----------------------------------
----------------------------------
| rollout/           |           |
|    ep_len_mean     | 200       |
|    ep_rew_mean     | -1.54e+03 |
| time/              |           |
|    episodes        | 8         |
|    fps             | 90        |
|    time_elapsed    | 17        |
|    total_timesteps | 1600      |
| train/             |           |
|    actor_loss      | 53.4      |
|    critic_loss     | 0.0893    |
|    ent_coef        | 0.258     |
|    ent_coef_loss   | -1.09     |
|    learning_rate   | 0.001     |
|    n_updates       | 1499      |
----------------------------------
----------------------------------
| rollout/           |           |
|    ep_len_mean     | 200       |
|    ep_rew_mean     | -1.28e+03 |
| time/              |           |
|    episodes        | 12        |
|    fps             | 84        |
|    time_elapsed    | 28        |
|    total_timesteps | 2400      |
| train/             |           |
|    actor_loss      | 66.3      |
|    critic_loss     | 0.11      |
|    ent_coef        | 0.211     |
|    ent_coef_loss   | -0.197    |
|    learning_rate   | 0.001     |
|    n_updates       | 2299      |
----------------------------------
----------------------------------
| rollout/           |           |
|    ep_len_mean     | 200       |
|    ep_rew_mean     | -1.04e+03 |
| time/              |           |
|    episodes        | 16        |
|    fps             | 81        |
|    time_elapsed    | 39        |
|    total_timesteps | 3200      |
| train/             |           |
|    actor_loss      | 74.8      |
|    critic_loss     | 0.292     |
|    ent_coef        | 0.211     |
|    ent_coef_loss   | 0.138     |
|    learning_rate   | 0.001     |
|    n_updates       | 3099      |
----------------------------------
---------------------------------
| rollout/           |          |
|    ep_len_mean     | 200      |
|    ep_rew_mean     | -876     |
| time/              |          |
|    episodes        | 20       |
|    fps             | 81       |
|    time_elapsed    | 49       |
|    total_timesteps | 4000     |
| train/             |          |
|    actor_loss      | 76.2     |
|    critic_loss     | 0.539    |
|    ent_coef        | 0.191    |
|    ent_coef_loss   | -0.106   |
|    learning_rate   | 0.001    |
|    n_updates       | 3899     |
---------------------------------
---------------------------------
| rollout/           |          |
|    ep_len_mean     | 200      |
|    ep_rew_mean     | -763     |
| time/              |          |
|    episodes        | 24       |
|    fps             | 79       |
|    time_elapsed    | 60       |
|    total_timesteps | 4800     |
| train/             |          |
|    actor_loss      | 75.1     |
|    critic_loss     | 1.21     |
|    ent_coef        | 0.144    |
|    ent_coef_loss   | -0.0222  |
|    learning_rate   | 0.001    |
|    n_updates       | 4699     |
---------------------------------
---------------------------------
| rollout/           |          |
|    ep_len_mean     | 200      |
|    ep_rew_mean     | -680     |
| time/              |          |
|    episodes        | 28       |
|    fps             | 78       |
|    time_elapsed    | 71       |
|    total_timesteps | 5600     |
| train/             |          |
|    actor_loss      | 68.6     |
|    critic_loss     | 0.979    |
|    ent_coef        | 0.111    |
|    ent_coef_loss   | -0.29    |
|    learning_rate   | 0.001    |
|    n_updates       | 5499     |
---------------------------------
---------------------------------
| rollout/           |          |
|    ep_len_mean     | 200      |
|    ep_rew_mean     | -618     |
| time/              |          |
|    episodes        | 32       |
|    fps             | 77       |
|    time_elapsed    | 82       |
|    total_timesteps | 6400     |
| train/             |          |
|    actor_loss      | 76.4     |
|    critic_loss     | 0.765    |
|    ent_coef        | 0.0913   |
|    ent_coef_loss   | 0.0789   |
|    learning_rate   | 0.001    |
|    n_updates       | 6299     |
---------------------------------
---------------------------------
| rollout/           |          |
|    ep_len_mean     | 200      |
|    ep_rew_mean     | -566     |
| time/              |          |
|    episodes        | 36       |
|    fps             | 77       |
|    time_elapsed    | 92       |
|    total_timesteps | 7200     |
| train/             |          |
|    actor_loss      | 61.3     |
|    critic_loss     | 2.08     |
|    ent_coef        | 0.0879   |
|    ent_coef_loss   | -0.494   |
|    learning_rate   | 0.001    |
|    n_updates       | 7099     |
---------------------------------
---------------------------------
| rollout/           |          |
|    ep_len_mean     | 200      |
|    ep_rew_mean     | -524     |
| time/              |          |
|    episodes        | 40       |
|    fps             | 77       |
|    time_elapsed    | 103      |
|    total_timesteps | 8000     |
| train/             |          |
|    actor_loss      | 57.9     |
|    critic_loss     | 1.11     |
|    ent_coef        | 0.0794   |
|    ent_coef_loss   | -0.581   |
|    learning_rate   | 0.001    |
|    n_updates       | 7899     |
---------------------------------
---------------------------------
| rollout/           |          |
|    ep_len_mean     | 200      |
|    ep_rew_mean     | -490     |
| time/              |          |
|    episodes        | 44       |
|    fps             | 76       |
|    time_elapsed    | 115      |
|    total_timesteps | 8800     |
| train/             |          |
|    actor_loss      | 54.6     |
|    critic_loss     | 1.5      |
|    ent_coef        | 0.0662   |
|    ent_coef_loss   | -0.339   |
|    learning_rate   | 0.001    |
|    n_updates       | 8699     |
---------------------------------
---------------------------------
| rollout/           |          |
|    ep_len_mean     | 200      |
|    ep_rew_mean     | -461     |
| time/              |          |
|    episodes        | 48       |
|    fps             | 76       |
|    time_elapsed    | 125      |
|    total_timesteps | 9600     |
| train/             |          |
|    actor_loss      | 57.1     |
|    critic_loss     | 1.18     |
|    ent_coef        | 0.066    |
|    ent_coef_loss   | 0.208    |
|    learning_rate   | 0.001    |
|    n_updates       | 9499     |
---------------------------------
---------------------------------
| rollout/           |          |
|    ep_len_mean     | 200      |
|    ep_rew_mean     | -440     |
| time/              |          |
|    episodes        | 52       |
|    fps             | 75       |
|    time_elapsed    | 137      |
|    total_timesteps | 10400    |
| train/             |          |
|    actor_loss      | 52.5     |
|    critic_loss     | 1.34     |
|    ent_coef        | 0.0681   |
|    ent_coef_loss   | -0.321   |
|    learning_rate   | 0.001    |
|    n_updates       | 10299    |
---------------------------------
---------------------------------
| rollout/           |          |
|    ep_len_mean     | 200      |
|    ep_rew_mean     | -417     |
| time/              |          |
|    episodes        | 56       |
|    fps             | 75       |
|    time_elapsed    | 147      |
|    total_timesteps | 11200    |
| train/             |          |
|    actor_loss      | 48.2     |
|    critic_loss     | 1.42     |
|    ent_coef        | 0.0608   |
|    ent_coef_loss   | -0.549   |
|    learning_rate   | 0.001    |
|    n_updates       | 11099    |
---------------------------------
---------------------------------
| rollout/           |          |
|    ep_len_mean     | 200      |
|    ep_rew_mean     | -396     |
| time/              |          |
|    episodes        | 60       |
|    fps             | 75       |
|    time_elapsed    | 158      |
|    total_timesteps | 12000    |
| train/             |          |
|    actor_loss      | 41.2     |
|    critic_loss     | 1.63     |
|    ent_coef        | 0.0567   |
|    ent_coef_loss   | -0.376   |
|    learning_rate   | 0.001    |
|    n_updates       | 11899    |
---------------------------------
---------------------------------
| rollout/           |          |
|    ep_len_mean     | 200      |
|    ep_rew_mean     | -380     |
| time/              |          |
|    episodes        | 64       |
|    fps             | 75       |
|    time_elapsed    | 170      |
|    total_timesteps | 12800    |
| train/             |          |
|    actor_loss      | 39.6     |
|    critic_loss     | 1.27     |
|    ent_coef        | 0.0545   |
|    ent_coef_loss   | -0.119   |
|    learning_rate   | 0.001    |
|    n_updates       | 12699    |
---------------------------------
---------------------------------
| rollout/           |          |
|    ep_len_mean     | 200      |
|    ep_rew_mean     | -361     |
| time/              |          |
|    episodes        | 68       |
|    fps             | 74       |
|    time_elapsed    | 181      |
|    total_timesteps | 13600    |
| train/             |          |
|    actor_loss      | 46.7     |
|    critic_loss     | 1.4      |
|    ent_coef        | 0.048    |
|    ent_coef_loss   | -0.089   |
|    learning_rate   | 0.001    |
|    n_updates       | 13499    |
---------------------------------
---------------------------------
| rollout/           |          |
|    ep_len_mean     | 200      |
|    ep_rew_mean     | -346     |
| time/              |          |
|    episodes        | 72       |
|    fps             | 74       |
|    time_elapsed    | 192      |
|    total_timesteps | 14400    |
| train/             |          |
|    actor_loss      | 50       |
|    critic_loss     | 1.64     |
|    ent_coef        | 0.0416   |
|    ent_coef_loss   | 0.443    |
|    learning_rate   | 0.001    |
|    n_updates       | 14299    |
---------------------------------
---------------------------------
| rollout/           |          |
|    ep_len_mean     | 200      |
|    ep_rew_mean     | -336     |
| time/              |          |
|    episodes        | 76       |
|    fps             | 74       |
|    time_elapsed    | 202      |
|    total_timesteps | 15200    |
| train/             |          |
|    actor_loss      | 40.9     |
|    critic_loss     | 1.43     |
|    ent_coef        | 0.0397   |
|    ent_coef_loss   | -0.134   |
|    learning_rate   | 0.001    |
|    n_updates       | 15099    |
---------------------------------
---------------------------------
| rollout/           |          |
|    ep_len_mean     | 200      |
|    ep_rew_mean     | -324     |
| time/              |          |
|    episodes        | 80       |
|    fps             | 74       |
|    time_elapsed    | 213      |
|    total_timesteps | 16000    |
| train/             |          |
|    actor_loss      | 41.1     |
|    critic_loss     | 1.54     |
|    ent_coef        | 0.0317   |
|    ent_coef_loss   | -0.103   |
|    learning_rate   | 0.001    |
|    n_updates       | 15899    |
---------------------------------
---------------------------------
| rollout/           |          |
|    ep_len_mean     | 200      |
|    ep_rew_mean     | -316     |
| time/              |          |
|    episodes        | 84       |
|    fps             | 74       |
|    time_elapsed    | 224      |
|    total_timesteps | 16800    |
| train/             |          |
|    actor_loss      | 39.1     |
|    critic_loss     | 1.14     |
|    ent_coef        | 0.0322   |
|    ent_coef_loss   | 0.0561   |
|    learning_rate   | 0.001    |
|    n_updates       | 16699    |
---------------------------------
---------------------------------
| rollout/           |          |
|    ep_len_mean     | 200      |
|    ep_rew_mean     | -307     |
| time/              |          |
|    episodes        | 88       |
|    fps             | 74       |
|    time_elapsed    | 235      |
|    total_timesteps | 17600    |
| train/             |          |
|    actor_loss      | 41       |
|    critic_loss     | 1.05     |
|    ent_coef        | 0.0342   |
|    ent_coef_loss   | 0.923    |
|    learning_rate   | 0.001    |
|    n_updates       | 17499    |
---------------------------------
---------------------------------
| rollout/           |          |
|    ep_len_mean     | 200      |
|    ep_rew_mean     | -299     |
| time/              |          |
|    episodes        | 92       |
|    fps             | 74       |
|    time_elapsed    | 247      |
|    total_timesteps | 18400    |
| train/             |          |
|    actor_loss      | 36.6     |
|    critic_loss     | 1.4      |
|    ent_coef        | 0.0337   |
|    ent_coef_loss   | 0.656    |
|    learning_rate   | 0.001    |
|    n_updates       | 18299    |
---------------------------------
---------------------------------
| rollout/           |          |
|    ep_len_mean     | 200      |
|    ep_rew_mean     | -290     |
| time/              |          |
|    episodes        | 96       |
|    fps             | 74       |
|    time_elapsed    | 258      |
|    total_timesteps | 19200    |
| train/             |          |
|    actor_loss      | 38.3     |
|    critic_loss     | 1.15     |
|    ent_coef        | 0.0383   |
|    ent_coef_loss   | 0.349    |
|    learning_rate   | 0.001    |
|    n_updates       | 19099    |
---------------------------------
---------------------------------
| rollout/           |          |
|    ep_len_mean     | 200      |
|    ep_rew_mean     | -282     |
| time/              |          |
|    episodes        | 100      |
|    fps             | 74       |
|    time_elapsed    | 269      |
|    total_timesteps | 20000    |
| train/             |          |
|    actor_loss      | 34.9     |
|    critic_loss     | 1.38     |
|    ent_coef        | 0.0436   |
|    ent_coef_loss   | -0.00857 |
|    learning_rate   | 0.001    |
|    n_updates       | 19899    |
---------------------------------
Training complete. Model saved.
Plotting sample efficiency...
Evaluating model...
Seed 2024: mean_reward:-144.45 +/- 78.10
