=== Training with seed: 0 ===
Using cpu device
Training sac on Pendulum-v1...
Logging to ./tensorboard/sac_Pendulum-v1_seed0/SAC_1
----------------------------------
| rollout/           |           |
|    ep_len_mean     | 200       |
|    ep_rew_mean     | -1.39e+03 |
| time/              |           |
|    episodes        | 4         |
|    fps             | 101       |
|    time_elapsed    | 7         |
|    total_timesteps | 800       |
| train/             |           |
|    actor_loss      | 21.9      |
|    critic_loss     | 0.0444    |
|    ent_coef        | 0.505     |
|    ent_coef_loss   | -1.02     |
|    learning_rate   | 0.001     |
|    n_updates       | 699       |
----------------------------------
----------------------------------
| rollout/           |           |
|    ep_len_mean     | 200       |
|    ep_rew_mean     | -1.45e+03 |
| time/              |           |
|    episodes        | 8         |
|    fps             | 79        |
|    time_elapsed    | 20        |
|    total_timesteps | 1600      |
| train/             |           |
|    actor_loss      | 47.9      |
|    critic_loss     | 0.0759    |
|    ent_coef        | 0.261     |
|    ent_coef_loss   | -1.12     |
|    learning_rate   | 0.001     |
|    n_updates       | 1499      |
----------------------------------
----------------------------------
| rollout/           |           |
|    ep_len_mean     | 200       |
|    ep_rew_mean     | -1.28e+03 |
| time/              |           |
|    episodes        | 12        |
|    fps             | 76        |
|    time_elapsed    | 31        |
|    total_timesteps | 2400      |
| train/             |           |
|    actor_loss      | 65.2      |
|    critic_loss     | 0.175     |
|    ent_coef        | 0.204     |
|    ent_coef_loss   | -0.138    |
|    learning_rate   | 0.001     |
|    n_updates       | 2299      |
----------------------------------
----------------------------------
| rollout/           |           |
|    ep_len_mean     | 200       |
|    ep_rew_mean     | -1.01e+03 |
| time/              |           |
|    episodes        | 16        |
|    fps             | 74        |
|    time_elapsed    | 43        |
|    total_timesteps | 3200      |
| train/             |           |
|    actor_loss      | 59.3      |
|    critic_loss     | 0.149     |
|    ent_coef        | 0.202     |
|    ent_coef_loss   | 0.00784   |
|    learning_rate   | 0.001     |
|    n_updates       | 3099      |
----------------------------------
---------------------------------
| rollout/           |          |
|    ep_len_mean     | 200      |
|    ep_rew_mean     | -830     |
| time/              |          |
|    episodes        | 20       |
|    fps             | 73       |
|    time_elapsed    | 54       |
|    total_timesteps | 4000     |
| train/             |          |
|    actor_loss      | 56.1     |
|    critic_loss     | 0.249    |
|    ent_coef        | 0.168    |
|    ent_coef_loss   | -0.611   |
|    learning_rate   | 0.001    |
|    n_updates       | 3899     |
---------------------------------
---------------------------------
| rollout/           |          |
|    ep_len_mean     | 200      |
|    ep_rew_mean     | -767     |
| time/              |          |
|    episodes        | 24       |
|    fps             | 73       |
|    time_elapsed    | 64       |
|    total_timesteps | 4800     |
| train/             |          |
|    actor_loss      | 59.5     |
|    critic_loss     | 0.44     |
|    ent_coef        | 0.125    |
|    ent_coef_loss   | -0.255   |
|    learning_rate   | 0.001    |
|    n_updates       | 4699     |
---------------------------------
---------------------------------
| rollout/           |          |
|    ep_len_mean     | 200      |
|    ep_rew_mean     | -679     |
| time/              |          |
|    episodes        | 28       |
|    fps             | 73       |
|    time_elapsed    | 76       |
|    total_timesteps | 5600     |
| train/             |          |
|    actor_loss      | 53.1     |
|    critic_loss     | 1.22     |
|    ent_coef        | 0.0971   |
|    ent_coef_loss   | -0.769   |
|    learning_rate   | 0.001    |
|    n_updates       | 5499     |
---------------------------------
---------------------------------
| rollout/           |          |
|    ep_len_mean     | 200      |
|    ep_rew_mean     | -610     |
| time/              |          |
|    episodes        | 32       |
|    fps             | 72       |
|    time_elapsed    | 88       |
|    total_timesteps | 6400     |
| train/             |          |
|    actor_loss      | 60.9     |
|    critic_loss     | 0.913    |
|    ent_coef        | 0.0768   |
|    ent_coef_loss   | 0.303    |
|    learning_rate   | 0.001    |
|    n_updates       | 6299     |
---------------------------------
---------------------------------
| rollout/           |          |
|    ep_len_mean     | 200      |
|    ep_rew_mean     | -556     |
| time/              |          |
|    episodes        | 36       |
|    fps             | 72       |
|    time_elapsed    | 99       |
|    total_timesteps | 7200     |
| train/             |          |
|    actor_loss      | 51.8     |
|    critic_loss     | 0.722    |
|    ent_coef        | 0.0688   |
|    ent_coef_loss   | -0.341   |
|    learning_rate   | 0.001    |
|    n_updates       | 7099     |
---------------------------------
---------------------------------
| rollout/           |          |
|    ep_len_mean     | 200      |
|    ep_rew_mean     | -518     |
| time/              |          |
|    episodes        | 40       |
|    fps             | 71       |
|    time_elapsed    | 111      |
|    total_timesteps | 8000     |
| train/             |          |
|    actor_loss      | 49       |
|    critic_loss     | 0.983    |
|    ent_coef        | 0.0582   |
|    ent_coef_loss   | -0.155   |
|    learning_rate   | 0.001    |
|    n_updates       | 7899     |
---------------------------------
---------------------------------
| rollout/           |          |
|    ep_len_mean     | 200      |
|    ep_rew_mean     | -482     |
| time/              |          |
|    episodes        | 44       |
|    fps             | 71       |
|    time_elapsed    | 123      |
|    total_timesteps | 8800     |
| train/             |          |
|    actor_loss      | 47.2     |
|    critic_loss     | 0.959    |
|    ent_coef        | 0.0439   |
|    ent_coef_loss   | -0.0489  |
|    learning_rate   | 0.001    |
|    n_updates       | 8699     |
---------------------------------
---------------------------------
| rollout/           |          |
|    ep_len_mean     | 200      |
|    ep_rew_mean     | -450     |
| time/              |          |
|    episodes        | 48       |
|    fps             | 70       |
|    time_elapsed    | 136      |
|    total_timesteps | 9600     |
| train/             |          |
|    actor_loss      | 52.9     |
|    critic_loss     | 1.1      |
|    ent_coef        | 0.0408   |
|    ent_coef_loss   | 0.58     |
|    learning_rate   | 0.001    |
|    n_updates       | 9499     |
---------------------------------
---------------------------------
| rollout/           |          |
|    ep_len_mean     | 200      |
|    ep_rew_mean     | -426     |
| time/              |          |
|    episodes        | 52       |
|    fps             | 70       |
|    time_elapsed    | 148      |
|    total_timesteps | 10400    |
| train/             |          |
|    actor_loss      | 41.8     |
|    critic_loss     | 0.407    |
|    ent_coef        | 0.0345   |
|    ent_coef_loss   | -0.665   |
|    learning_rate   | 0.001    |
|    n_updates       | 10299    |
---------------------------------
---------------------------------
| rollout/           |          |
|    ep_len_mean     | 200      |
|    ep_rew_mean     | -407     |
| time/              |          |
|    episodes        | 56       |
|    fps             | 69       |
|    time_elapsed    | 160      |
|    total_timesteps | 11200    |
| train/             |          |
|    actor_loss      | 41.3     |
|    critic_loss     | 0.794    |
|    ent_coef        | 0.0272   |
|    ent_coef_loss   | -0.596   |
|    learning_rate   | 0.001    |
|    n_updates       | 11099    |
---------------------------------
---------------------------------
| rollout/           |          |
|    ep_len_mean     | 200      |
|    ep_rew_mean     | -386     |
| time/              |          |
|    episodes        | 60       |
|    fps             | 69       |
|    time_elapsed    | 172      |
|    total_timesteps | 12000    |
| train/             |          |
|    actor_loss      | 45.8     |
|    critic_loss     | 0.875    |
|    ent_coef        | 0.0281   |
|    ent_coef_loss   | -0.528   |
|    learning_rate   | 0.001    |
|    n_updates       | 11899    |
---------------------------------
---------------------------------
| rollout/           |          |
|    ep_len_mean     | 200      |
|    ep_rew_mean     | -369     |
| time/              |          |
|    episodes        | 64       |
|    fps             | 69       |
|    time_elapsed    | 184      |
|    total_timesteps | 12800    |
| train/             |          |
|    actor_loss      | 34.1     |
|    critic_loss     | 0.869    |
|    ent_coef        | 0.0276   |
|    ent_coef_loss   | -0.37    |
|    learning_rate   | 0.001    |
|    n_updates       | 12699    |
---------------------------------
---------------------------------
| rollout/           |          |
|    ep_len_mean     | 200      |
|    ep_rew_mean     | -360     |
| time/              |          |
|    episodes        | 68       |
|    fps             | 69       |
|    time_elapsed    | 195      |
|    total_timesteps | 13600    |
| train/             |          |
|    actor_loss      | 41.1     |
|    critic_loss     | 0.688    |
|    ent_coef        | 0.0271   |
|    ent_coef_loss   | 0.567    |
|    learning_rate   | 0.001    |
|    n_updates       | 13499    |
---------------------------------
---------------------------------
| rollout/           |          |
|    ep_len_mean     | 200      |
|    ep_rew_mean     | -350     |
| time/              |          |
|    episodes        | 72       |
|    fps             | 69       |
|    time_elapsed    | 207      |
|    total_timesteps | 14400    |
| train/             |          |
|    actor_loss      | 31.8     |
|    critic_loss     | 0.655    |
|    ent_coef        | 0.0195   |
|    ent_coef_loss   | -1.02    |
|    learning_rate   | 0.001    |
|    n_updates       | 14299    |
---------------------------------
---------------------------------
| rollout/           |          |
|    ep_len_mean     | 200      |
|    ep_rew_mean     | -344     |
| time/              |          |
|    episodes        | 76       |
|    fps             | 69       |
|    time_elapsed    | 219      |
|    total_timesteps | 15200    |
| train/             |          |
|    actor_loss      | 27.6     |
|    critic_loss     | 0.445    |
|    ent_coef        | 0.0165   |
|    ent_coef_loss   | -0.702   |
|    learning_rate   | 0.001    |
|    n_updates       | 15099    |
---------------------------------
---------------------------------
| rollout/           |          |
|    ep_len_mean     | 200      |
|    ep_rew_mean     | -337     |
| time/              |          |
|    episodes        | 80       |
|    fps             | 69       |
|    time_elapsed    | 230      |
|    total_timesteps | 16000    |
| train/             |          |
|    actor_loss      | 41.2     |
|    critic_loss     | 0.524    |
|    ent_coef        | 0.0148   |
|    ent_coef_loss   | 1.75     |
|    learning_rate   | 0.001    |
|    n_updates       | 15899    |
---------------------------------
---------------------------------
| rollout/           |          |
|    ep_len_mean     | 200      |
|    ep_rew_mean     | -327     |
| time/              |          |
|    episodes        | 84       |
|    fps             | 69       |
|    time_elapsed    | 242      |
|    total_timesteps | 16800    |
| train/             |          |
|    actor_loss      | 28.3     |
|    critic_loss     | 0.569    |
|    ent_coef        | 0.0139   |
|    ent_coef_loss   | 0.259    |
|    learning_rate   | 0.001    |
|    n_updates       | 16699    |
---------------------------------
---------------------------------
| rollout/           |          |
|    ep_len_mean     | 200      |
|    ep_rew_mean     | -319     |
| time/              |          |
|    episodes        | 88       |
|    fps             | 69       |
|    time_elapsed    | 254      |
|    total_timesteps | 17600    |
| train/             |          |
|    actor_loss      | 29.1     |
|    critic_loss     | 0.961    |
|    ent_coef        | 0.0151   |
|    ent_coef_loss   | 0.607    |
|    learning_rate   | 0.001    |
|    n_updates       | 17499    |
---------------------------------
---------------------------------
| rollout/           |          |
|    ep_len_mean     | 200      |
|    ep_rew_mean     | -314     |
| time/              |          |
|    episodes        | 92       |
|    fps             | 69       |
|    time_elapsed    | 266      |
|    total_timesteps | 18400    |
| train/             |          |
|    actor_loss      | 30.6     |
|    critic_loss     | 0.644    |
|    ent_coef        | 0.0153   |
|    ent_coef_loss   | 0.612    |
|    learning_rate   | 0.001    |
|    n_updates       | 18299    |
---------------------------------
---------------------------------
| rollout/           |          |
|    ep_len_mean     | 200      |
|    ep_rew_mean     | -307     |
| time/              |          |
|    episodes        | 96       |
|    fps             | 68       |
|    time_elapsed    | 278      |
|    total_timesteps | 19200    |
| train/             |          |
|    actor_loss      | 25.7     |
|    critic_loss     | 0.809    |
|    ent_coef        | 0.0126   |
|    ent_coef_loss   | 0.0421   |
|    learning_rate   | 0.001    |
|    n_updates       | 19099    |
---------------------------------
---------------------------------
| rollout/           |          |
|    ep_len_mean     | 200      |
|    ep_rew_mean     | -299     |
| time/              |          |
|    episodes        | 100      |
|    fps             | 68       |
|    time_elapsed    | 290      |
|    total_timesteps | 20000    |
| train/             |          |
|    actor_loss      | 35.6     |
|    critic_loss     | 0.93     |
|    ent_coef        | 0.0116   |
|    ent_coef_loss   | 0.186    |
|    learning_rate   | 0.001    |
|    n_updates       | 19899    |
---------------------------------
Training complete. Model saved.
Plotting sample efficiency...
Evaluating model...
Seed 0: mean_reward:-136.50 +/- 94.12
