Using cpu device
Training td3 on Pendulum-v1...
Logging to ./tensorboard/td3_Pendulum-v1/TD3_1
----------------------------------
| rollout/           |           |
|    ep_len_mean     | 200       |
|    ep_rew_mean     | -1.08e+03 |
| time/              |           |
|    episodes        | 4         |
|    fps             | 3695      |
|    time_elapsed    | 0         |
|    total_timesteps | 800       |
----------------------------------
----------------------------------
| rollout/           |           |
|    ep_len_mean     | 200       |
|    ep_rew_mean     | -1.11e+03 |
| time/              |           |
|    episodes        | 8         |
|    fps             | 4605      |
|    time_elapsed    | 0         |
|    total_timesteps | 1600      |
----------------------------------
----------------------------------
| rollout/           |           |
|    ep_len_mean     | 200       |
|    ep_rew_mean     | -1.26e+03 |
| time/              |           |
|    episodes        | 12        |
|    fps             | 5232      |
|    time_elapsed    | 0         |
|    total_timesteps | 2400      |
----------------------------------
----------------------------------
| rollout/           |           |
|    ep_len_mean     | 200       |
|    ep_rew_mean     | -1.27e+03 |
| time/              |           |
|    episodes        | 16        |
|    fps             | 5615      |
|    time_elapsed    | 0         |
|    total_timesteps | 3200      |
----------------------------------
----------------------------------
| rollout/           |           |
|    ep_len_mean     | 200       |
|    ep_rew_mean     | -1.23e+03 |
| time/              |           |
|    episodes        | 20        |
|    fps             | 5841      |
|    time_elapsed    | 0         |
|    total_timesteps | 4000      |
----------------------------------
----------------------------------
| rollout/           |           |
|    ep_len_mean     | 200       |
|    ep_rew_mean     | -1.21e+03 |
| time/              |           |
|    episodes        | 24        |
|    fps             | 6033      |
|    time_elapsed    | 0         |
|    total_timesteps | 4800      |
----------------------------------
----------------------------------
| rollout/           |           |
|    ep_len_mean     | 200       |
|    ep_rew_mean     | -1.22e+03 |
| time/              |           |
|    episodes        | 28        |
|    fps             | 5959      |
|    time_elapsed    | 0         |
|    total_timesteps | 5600      |
----------------------------------
----------------------------------
| rollout/           |           |
|    ep_len_mean     | 200       |
|    ep_rew_mean     | -1.21e+03 |
| time/              |           |
|    episodes        | 32        |
|    fps             | 5837      |
|    time_elapsed    | 1         |
|    total_timesteps | 6400      |
----------------------------------
----------------------------------
| rollout/           |           |
|    ep_len_mean     | 200       |
|    ep_rew_mean     | -1.21e+03 |
| time/              |           |
|    episodes        | 36        |
|    fps             | 5820      |
|    time_elapsed    | 1         |
|    total_timesteps | 7200      |
----------------------------------
----------------------------------
| rollout/           |           |
|    ep_len_mean     | 200       |
|    ep_rew_mean     | -1.22e+03 |
| time/              |           |
|    episodes        | 40        |
|    fps             | 5884      |
|    time_elapsed    | 1         |
|    total_timesteps | 8000      |
----------------------------------
----------------------------------
| rollout/           |           |
|    ep_len_mean     | 200       |
|    ep_rew_mean     | -1.25e+03 |
| time/              |           |
|    episodes        | 44        |
|    fps             | 5873      |
|    time_elapsed    | 1         |
|    total_timesteps | 8800      |
----------------------------------
----------------------------------
| rollout/           |           |
|    ep_len_mean     | 200       |
|    ep_rew_mean     | -1.24e+03 |
| time/              |           |
|    episodes        | 48        |
|    fps             | 5867      |
|    time_elapsed    | 1         |
|    total_timesteps | 9600      |
----------------------------------
----------------------------------
| rollout/           |           |
|    ep_len_mean     | 200       |
|    ep_rew_mean     | -1.25e+03 |
| time/              |           |
|    episodes        | 52        |
|    fps             | 2328      |
|    time_elapsed    | 4         |
|    total_timesteps | 10400     |
| train/             |           |
|    actor_loss      | 11.4      |
|    critic_loss     | 0.15      |
|    learning_rate   | 0.001     |
|    n_updates       | 399       |
----------------------------------
----------------------------------
| rollout/           |           |
|    ep_len_mean     | 200       |
|    ep_rew_mean     | -1.27e+03 |
| time/              |           |
|    episodes        | 56        |
|    fps             | 1008      |
|    time_elapsed    | 11        |
|    total_timesteps | 11200     |
| train/             |           |
|    actor_loss      | 21.9      |
|    critic_loss     | 0.0387    |
|    learning_rate   | 0.001     |
|    n_updates       | 1199      |
----------------------------------
----------------------------------
| rollout/           |           |
|    ep_len_mean     | 200       |
|    ep_rew_mean     | -1.28e+03 |
| time/              |           |
|    episodes        | 60        |
|    fps             | 633       |
|    time_elapsed    | 18        |
|    total_timesteps | 12000     |
| train/             |           |
|    actor_loss      | 33.6      |
|    critic_loss     | 0.0972    |
|    learning_rate   | 0.001     |
|    n_updates       | 1999      |
----------------------------------
----------------------------------
| rollout/           |           |
|    ep_len_mean     | 200       |
|    ep_rew_mean     | -1.28e+03 |
| time/              |           |
|    episodes        | 64        |
|    fps             | 471       |
|    time_elapsed    | 27        |
|    total_timesteps | 12800     |
| train/             |           |
|    actor_loss      | 42.2      |
|    critic_loss     | 0.157     |
|    learning_rate   | 0.001     |
|    n_updates       | 2799      |
----------------------------------
----------------------------------
| rollout/           |           |
|    ep_len_mean     | 200       |
|    ep_rew_mean     | -1.24e+03 |
| time/              |           |
|    episodes        | 68        |
|    fps             | 405       |
|    time_elapsed    | 33        |
|    total_timesteps | 13600     |
| train/             |           |
|    actor_loss      | 47.2      |
|    critic_loss     | 0.601     |
|    learning_rate   | 0.001     |
|    n_updates       | 3599      |
----------------------------------
----------------------------------
| rollout/           |           |
|    ep_len_mean     | 200       |
|    ep_rew_mean     | -1.18e+03 |
| time/              |           |
|    episodes        | 72        |
|    fps             | 363       |
|    time_elapsed    | 39        |
|    total_timesteps | 14400     |
| train/             |           |
|    actor_loss      | 54.1      |
|    critic_loss     | 0.277     |
|    learning_rate   | 0.001     |
|    n_updates       | 4399      |
----------------------------------
----------------------------------
| rollout/           |           |
|    ep_len_mean     | 200       |
|    ep_rew_mean     | -1.13e+03 |
| time/              |           |
|    episodes        | 76        |
|    fps             | 328       |
|    time_elapsed    | 46        |
|    total_timesteps | 15200     |
| train/             |           |
|    actor_loss      | 49.6      |
|    critic_loss     | 0.422     |
|    learning_rate   | 0.001     |
|    n_updates       | 5199      |
----------------------------------
----------------------------------
| rollout/           |           |
|    ep_len_mean     | 200       |
|    ep_rew_mean     | -1.08e+03 |
| time/              |           |
|    episodes        | 80        |
|    fps             | 299       |
|    time_elapsed    | 53        |
|    total_timesteps | 16000     |
| train/             |           |
|    actor_loss      | 55.2      |
|    critic_loss     | 0.852     |
|    learning_rate   | 0.001     |
|    n_updates       | 5999      |
----------------------------------
----------------------------------
| rollout/           |           |
|    ep_len_mean     | 200       |
|    ep_rew_mean     | -1.04e+03 |
| time/              |           |
|    episodes        | 84        |
|    fps             | 277       |
|    time_elapsed    | 60        |
|    total_timesteps | 16800     |
| train/             |           |
|    actor_loss      | 63.1      |
|    critic_loss     | 1.11      |
|    learning_rate   | 0.001     |
|    n_updates       | 6799      |
----------------------------------
---------------------------------
| rollout/           |          |
|    ep_len_mean     | 200      |
|    ep_rew_mean     | -1e+03   |
| time/              |          |
|    episodes        | 88       |
|    fps             | 257      |
|    time_elapsed    | 68       |
|    total_timesteps | 17600    |
| train/             |          |
|    actor_loss      | 65.4     |
|    critic_loss     | 1.5      |
|    learning_rate   | 0.001    |
|    n_updates       | 7599     |
---------------------------------
---------------------------------
| rollout/           |          |
|    ep_len_mean     | 200      |
|    ep_rew_mean     | -963     |
| time/              |          |
|    episodes        | 92       |
|    fps             | 241      |
|    time_elapsed    | 76       |
|    total_timesteps | 18400    |
| train/             |          |
|    actor_loss      | 69.2     |
|    critic_loss     | 1.21     |
|    learning_rate   | 0.001    |
|    n_updates       | 8399     |
---------------------------------
---------------------------------
| rollout/           |          |
|    ep_len_mean     | 200      |
|    ep_rew_mean     | -929     |
| time/              |          |
|    episodes        | 96       |
|    fps             | 232      |
|    time_elapsed    | 82       |
|    total_timesteps | 19200    |
| train/             |          |
|    actor_loss      | 75.4     |
|    critic_loss     | 0.715    |
|    learning_rate   | 0.001    |
|    n_updates       | 9199     |
---------------------------------
---------------------------------
| rollout/           |          |
|    ep_len_mean     | 200      |
|    ep_rew_mean     | -897     |
| time/              |          |
|    episodes        | 100      |
|    fps             | 225      |
|    time_elapsed    | 88       |
|    total_timesteps | 20000    |
| train/             |          |
|    actor_loss      | 66.9     |
|    critic_loss     | 1.17     |
|    learning_rate   | 0.001    |
|    n_updates       | 9999     |
---------------------------------
Training complete. Model saved.
Plotting sample efficiency...
Evaluating model...
mean_reward:-137.95 +/- 76.52
