=== Training with seed: 0 ===
Using cpu device
Training td3 on Pendulum-v1...
Logging to ./tensorboard/td3_Pendulum-v1_seed0/TD3_1
----------------------------------
| rollout/           |           |
|    ep_len_mean     | 200       |
|    ep_rew_mean     | -1.19e+03 |
| time/              |           |
|    episodes        | 4         |
|    fps             | 3807      |
|    time_elapsed    | 0         |
|    total_timesteps | 800       |
----------------------------------
----------------------------------
| rollout/           |           |
|    ep_len_mean     | 200       |
|    ep_rew_mean     | -1.21e+03 |
| time/              |           |
|    episodes        | 8         |
|    fps             | 3827      |
|    time_elapsed    | 0         |
|    total_timesteps | 1600      |
----------------------------------
----------------------------------
| rollout/           |           |
|    ep_len_mean     | 200       |
|    ep_rew_mean     | -1.22e+03 |
| time/              |           |
|    episodes        | 12        |
|    fps             | 3811      |
|    time_elapsed    | 0         |
|    total_timesteps | 2400      |
----------------------------------
----------------------------------
| rollout/           |           |
|    ep_len_mean     | 200       |
|    ep_rew_mean     | -1.29e+03 |
| time/              |           |
|    episodes        | 16        |
|    fps             | 3828      |
|    time_elapsed    | 0         |
|    total_timesteps | 3200      |
----------------------------------
----------------------------------
| rollout/           |           |
|    ep_len_mean     | 200       |
|    ep_rew_mean     | -1.25e+03 |
| time/              |           |
|    episodes        | 20        |
|    fps             | 3849      |
|    time_elapsed    | 1         |
|    total_timesteps | 4000      |
----------------------------------
----------------------------------
| rollout/           |           |
|    ep_len_mean     | 200       |
|    ep_rew_mean     | -1.27e+03 |
| time/              |           |
|    episodes        | 24        |
|    fps             | 3862      |
|    time_elapsed    | 1         |
|    total_timesteps | 4800      |
----------------------------------
----------------------------------
| rollout/           |           |
|    ep_len_mean     | 200       |
|    ep_rew_mean     | -1.25e+03 |
| time/              |           |
|    episodes        | 28        |
|    fps             | 3872      |
|    time_elapsed    | 1         |
|    total_timesteps | 5600      |
----------------------------------
----------------------------------
| rollout/           |           |
|    ep_len_mean     | 200       |
|    ep_rew_mean     | -1.21e+03 |
| time/              |           |
|    episodes        | 32        |
|    fps             | 3880      |
|    time_elapsed    | 1         |
|    total_timesteps | 6400      |
----------------------------------
---------------------------------
| rollout/           |          |
|    ep_len_mean     | 200      |
|    ep_rew_mean     | -1.2e+03 |
| time/              |          |
|    episodes        | 36       |
|    fps             | 3885     |
|    time_elapsed    | 1        |
|    total_timesteps | 7200     |
---------------------------------
----------------------------------
| rollout/           |           |
|    ep_len_mean     | 200       |
|    ep_rew_mean     | -1.23e+03 |
| time/              |           |
|    episodes        | 40        |
|    fps             | 3888      |
|    time_elapsed    | 2         |
|    total_timesteps | 8000      |
----------------------------------
----------------------------------
| rollout/           |           |
|    ep_len_mean     | 200       |
|    ep_rew_mean     | -1.24e+03 |
| time/              |           |
|    episodes        | 44        |
|    fps             | 3895      |
|    time_elapsed    | 2         |
|    total_timesteps | 8800      |
----------------------------------
----------------------------------
| rollout/           |           |
|    ep_len_mean     | 200       |
|    ep_rew_mean     | -1.24e+03 |
| time/              |           |
|    episodes        | 48        |
|    fps             | 3900      |
|    time_elapsed    | 2         |
|    total_timesteps | 9600      |
----------------------------------
----------------------------------
| rollout/           |           |
|    ep_len_mean     | 200       |
|    ep_rew_mean     | -1.25e+03 |
| time/              |           |
|    episodes        | 52        |
|    fps             | 1873      |
|    time_elapsed    | 5         |
|    total_timesteps | 10400     |
| train/             |           |
|    actor_loss      | 9.97      |
|    critic_loss     | 0.089     |
|    learning_rate   | 0.001     |
|    n_updates       | 399       |
----------------------------------
----------------------------------
| rollout/           |           |
|    ep_len_mean     | 200       |
|    ep_rew_mean     | -1.27e+03 |
| time/              |           |
|    episodes        | 56        |
|    fps             | 774       |
|    time_elapsed    | 14        |
|    total_timesteps | 11200     |
| train/             |           |
|    actor_loss      | 21.2      |
|    critic_loss     | 0.0481    |
|    learning_rate   | 0.001     |
|    n_updates       | 1199      |
----------------------------------
----------------------------------
| rollout/           |           |
|    ep_len_mean     | 200       |
|    ep_rew_mean     | -1.28e+03 |
| time/              |           |
|    episodes        | 60        |
|    fps             | 492       |
|    time_elapsed    | 24        |
|    total_timesteps | 12000     |
| train/             |           |
|    actor_loss      | 30.2      |
|    critic_loss     | 0.157     |
|    learning_rate   | 0.001     |
|    n_updates       | 1999      |
----------------------------------
----------------------------------
| rollout/           |           |
|    ep_len_mean     | 200       |
|    ep_rew_mean     | -1.28e+03 |
| time/              |           |
|    episodes        | 64        |
|    fps             | 365       |
|    time_elapsed    | 34        |
|    total_timesteps | 12800     |
| train/             |           |
|    actor_loss      | 42.4      |
|    critic_loss     | 0.184     |
|    learning_rate   | 0.001     |
|    n_updates       | 2799      |
----------------------------------
----------------------------------
| rollout/           |           |
|    ep_len_mean     | 200       |
|    ep_rew_mean     | -1.27e+03 |
| time/              |           |
|    episodes        | 68        |
|    fps             | 309       |
|    time_elapsed    | 43        |
|    total_timesteps | 13600     |
| train/             |           |
|    actor_loss      | 49.8      |
|    critic_loss     | 0.351     |
|    learning_rate   | 0.001     |
|    n_updates       | 3599      |
----------------------------------
----------------------------------
| rollout/           |           |
|    ep_len_mean     | 200       |
|    ep_rew_mean     | -1.24e+03 |
| time/              |           |
|    episodes        | 72        |
|    fps             | 262       |
|    time_elapsed    | 54        |
|    total_timesteps | 14400     |
| train/             |           |
|    actor_loss      | 56.2      |
|    critic_loss     | 0.426     |
|    learning_rate   | 0.001     |
|    n_updates       | 4399      |
----------------------------------
----------------------------------
| rollout/           |           |
|    ep_len_mean     | 200       |
|    ep_rew_mean     | -1.19e+03 |
| time/              |           |
|    episodes        | 76        |
|    fps             | 233       |
|    time_elapsed    | 65        |
|    total_timesteps | 15200     |
| train/             |           |
|    actor_loss      | 63.2      |
|    critic_loss     | 0.387     |
|    learning_rate   | 0.001     |
|    n_updates       | 5199      |
----------------------------------
----------------------------------
| rollout/           |           |
|    ep_len_mean     | 200       |
|    ep_rew_mean     | -1.13e+03 |
| time/              |           |
|    episodes        | 80        |
|    fps             | 215       |
|    time_elapsed    | 74        |
|    total_timesteps | 16000     |
| train/             |           |
|    actor_loss      | 64        |
|    critic_loss     | 0.373     |
|    learning_rate   | 0.001     |
|    n_updates       | 5999      |
----------------------------------
----------------------------------
| rollout/           |           |
|    ep_len_mean     | 200       |
|    ep_rew_mean     | -1.08e+03 |
| time/              |           |
|    episodes        | 84        |
|    fps             | 196       |
|    time_elapsed    | 85        |
|    total_timesteps | 16800     |
| train/             |           |
|    actor_loss      | 70.8      |
|    critic_loss     | 0.688     |
|    learning_rate   | 0.001     |
|    n_updates       | 6799      |
----------------------------------
----------------------------------
| rollout/           |           |
|    ep_len_mean     | 200       |
|    ep_rew_mean     | -1.04e+03 |
| time/              |           |
|    episodes        | 88        |
|    fps             | 185       |
|    time_elapsed    | 95        |
|    total_timesteps | 17600     |
| train/             |           |
|    actor_loss      | 67.5      |
|    critic_loss     | 0.574     |
|    learning_rate   | 0.001     |
|    n_updates       | 7599      |
----------------------------------
---------------------------------
| rollout/           |          |
|    ep_len_mean     | 200      |
|    ep_rew_mean     | -1e+03   |
| time/              |          |
|    episodes        | 92       |
|    fps             | 177      |
|    time_elapsed    | 103      |
|    total_timesteps | 18400    |
| train/             |          |
|    actor_loss      | 71.3     |
|    critic_loss     | 1.05     |
|    learning_rate   | 0.001    |
|    n_updates       | 8399     |
---------------------------------
---------------------------------
| rollout/           |          |
|    ep_len_mean     | 200      |
|    ep_rew_mean     | -966     |
| time/              |          |
|    episodes        | 96       |
|    fps             | 167      |
|    time_elapsed    | 114      |
|    total_timesteps | 19200    |
| train/             |          |
|    actor_loss      | 78.4     |
|    critic_loss     | 3.04     |
|    learning_rate   | 0.001    |
|    n_updates       | 9199     |
---------------------------------
---------------------------------
| rollout/           |          |
|    ep_len_mean     | 200      |
|    ep_rew_mean     | -933     |
| time/              |          |
|    episodes        | 100      |
|    fps             | 159      |
|    time_elapsed    | 125      |
|    total_timesteps | 20000    |
| train/             |          |
|    actor_loss      | 68.7     |
|    critic_loss     | 1.25     |
|    learning_rate   | 0.001    |
|    n_updates       | 9999     |
---------------------------------
Training complete. Model saved.
Plotting sample efficiency...
Evaluating model...
Seed 0: mean_reward:-154.32 +/- 76.10
